<?xml version="1.0" encoding="UTF-8"?>
<!-- Generated by org.testng.reporters.JUnitReportReporter -->
<testsuite skipped="0" hostname="DESKTOP-KFK5AMQ" name="com.nopcommerce.user.Level17_Login_Page_Pattern_Fake_Data" tests="3" failures="0" timestamp="15 Mar 2023 15:46:18 GMT" time="6.023" errors="0">
  <testcase name="TC02_Register_To_System" time="3.179" classname="com.nopcommerce.user.Level17_Login_Page_Pattern_Fake_Data"/>
  <testcase name="TC03_Login_To_System" time="1.645" classname="com.nopcommerce.user.Level17_Login_Page_Pattern_Fake_Data"/>
  <testcase name="TC01_Validate_At_Register_Form" time="1.199" classname="com.nopcommerce.user.Level17_Login_Page_Pattern_Fake_Data"/>
</testsuite> <!-- com.nopcommerce.user.Level17_Login_Page_Pattern_Fake_Data -->
